<?xml version="1.0" encoding="UTF-8"?>
<testsuite xmlns:xsi="http://www.w3.org/2001/XMLSchema-instance" xsi:noNamespaceSchemaLocation="https://maven.apache.org/surefire/maven-surefire-plugin/xsd/surefire-test-report-3.0.xsd" version="3.0" name="com.skylinecoffee.springbootapp.demo.DemoApplicationTests" time="5.312" tests="1" errors="0" skipped="0" failures="0">
  <properties>
[...]
</properties>
  <testcase name="contextLoads" classname="com.skylinecoffee.springbootapp.demo.DemoApplicationTests" time="0.327">
    <system-out><![CDATA[23:11:33.684 [main] INFO org.springframework.test.context.support.AnnotationConfigContextLoaderUtils -- Could not detect default configuration classes for test class [com.skylinecoffee.springbootapp.demo.DemoApplicationTests]: DemoApplicationTests does not declare any static, non-private, non-final, nested classes annotated with @Configuration.
23:11:33.806 [main] INFO org.springframework.boot.test.context.SpringBootTestContextBootstrapper -- Found @SpringBootConfiguration com.skylinecoffee.springbootapp.demo.DemoApplication for test class com.skylinecoffee.springbootapp.demo.DemoApplicationTests
  .   ____          _            __ _ _
 /\\ / ___'_ __ _ _(_)_ __  __ _ \ \ \ \
( ( )\___ | '_ | '_| | '_ \/ _` | \ \ \ \
 \\/  ___)| |_)| | | | | || (_| |  ) ) ) )
  '  |____| .__|_| |_|_| |_\__, | / / / /
 =========|_|==============|___/=/_/_/_/

 :: Spring Boot ::                (v3.3.0)

2024-06-20T23:11:34.193-06:00  INFO 7200 --- [           main] c.s.s.demo.DemoApplicationTests          : Starting DemoApplicationTests using Java 18.0.1 with PID 7200 (started by Luke in C:\Users\Luke\Desktop\School\WGU\d424-software-engineering-capstone)
2024-06-20T23:11:34.194-06:00  INFO 7200 --- [           main] c.s.s.demo.DemoApplicationTests          : No active profile set, falling back to 1 default profile: "default"
2024-06-20T23:11:34.862-06:00  INFO 7200 --- [           main] .s.d.r.c.RepositoryConfigurationDelegate : Bootstrapping Spring Data JPA repositories in DEFAULT mode.
2024-06-20T23:11:34.928-06:00  INFO 7200 --- [           main] .s.d.r.c.RepositoryConfigurationDelegate : Finished Spring Data repository scanning in 57 ms. Found 3 JPA repository interfaces.
2024-06-20T23:11:35.395-06:00  INFO 7200 --- [           main] com.zaxxer.hikari.HikariDataSource       : HikariPool-1 - Starting...
2024-06-20T23:11:35.580-06:00  INFO 7200 --- [           main] com.zaxxer.hikari.pool.HikariPool        : HikariPool-1 - Added connection conn0: url=jdbc:h2:mem:dcbapp user=SA
2024-06-20T23:11:35.581-06:00  INFO 7200 --- [           main] com.zaxxer.hikari.HikariDataSource       : HikariPool-1 - Start completed.
2024-06-20T23:11:35.649-06:00  INFO 7200 --- [           main] o.hibernate.jpa.internal.util.LogHelper  : HHH000204: Processing PersistenceUnitInfo [name: default]
2024-06-20T23:11:35.724-06:00  INFO 7200 --- [           main] org.hibernate.Version                    : HHH000412: Hibernate ORM core version 6.5.2.Final
2024-06-20T23:11:35.759-06:00  INFO 7200 --- [           main] o.h.c.internal.RegionFactoryInitiator    : HHH000026: Second-level cache disabled
2024-06-20T23:11:36.075-06:00  INFO 7200 --- [           main] o.s.o.j.p.SpringPersistenceUnitInfo      : No LoadTimeWeaver setup: ignoring JPA class transformer
2024-06-20T23:11:36.125-06:00  WARN 7200 --- [           main] org.hibernate.orm.deprecation            : HHH90000025: H2Dialect does not need to be specified explicitly using 'hibernate.dialect' (remove the property setting and it will be selected by default)
2024-06-20T23:11:36.924-06:00  INFO 7200 --- [           main] o.h.e.t.j.p.i.JtaPlatformInitiator       : HHH000489: No JTA platform available (set 'hibernate.transaction.jta.platform' to enable JTA platform integration)
2024-06-20T23:11:36.960-06:00  INFO 7200 --- [           main] j.LocalContainerEntityManagerFactoryBean : Initialized JPA EntityManagerFactory for persistence unit 'default'
2024-06-20T23:11:37.207-06:00  INFO 7200 --- [           main] o.s.d.j.r.query.QueryEnhancerFactory     : Hibernate is in classpath; If applicable, HQL parser will be used.
2024-06-20T23:11:37.612-06:00  WARN 7200 --- [           main] JpaBaseConfiguration$JpaWebConfiguration : spring.jpa.open-in-view is enabled by default. Therefore, database queries may be performed during view rendering. Explicitly configure spring.jpa.open-in-view to disable this warning
2024-06-20T23:11:37.665-06:00  INFO 7200 --- [           main] r$InitializeUserDetailsManagerConfigurer : Global AuthenticationManager configured with UserDetailsService bean with name userDetailsManager
2024-06-20T23:11:37.746-06:00  INFO 7200 --- [           main] o.s.b.a.w.s.WelcomePageHandlerMapping    : Adding welcome page template: index
2024-06-20T23:11:37.935-06:00  INFO 7200 --- [           main] o.s.s.web.DefaultSecurityFilterChain     : Will secure any request with [org.springframework.security.web.session.DisableEncodeUrlFilter@3d41881, org.springframework.security.web.context.request.async.WebAsyncManagerIntegrationFilter@3f04349b, org.springframework.security.web.context.SecurityContextHolderFilter@9d455a6, org.springframework.security.web.header.HeaderWriterFilter@1631a614, org.springframework.web.filter.CorsFilter@14ca4b4d, org.springframework.security.web.csrf.CsrfFilter@3b75b7b4, org.springframework.security.web.authentication.logout.LogoutFilter@97e9568, org.springframework.security.web.authentication.UsernamePasswordAuthenticationFilter@19dc9dda, org.springframework.security.web.savedrequest.RequestCacheAwareFilter@dcc7d1c, org.springframework.security.web.servletapi.SecurityContextHolderAwareRequestFilter@411b75b4, org.springframework.security.web.authentication.AnonymousAuthenticationFilter@31b2c451, org.springframework.security.web.access.ExceptionTranslationFilter@1e8fd198, org.springframework.security.web.access.intercept.AuthorizationFilter@1104cc93]
2024-06-20T23:11:38.175-06:00  INFO 7200 --- [           main] o.s.b.a.h2.H2ConsoleAutoConfiguration    : H2 console available at '/h2-console'. Database available at 'jdbc:h2:mem:dcbapp'
2024-06-20T23:11:38.245-06:00  INFO 7200 --- [           main] c.s.s.demo.DemoApplicationTests          : Started DemoApplicationTests in 4.273 seconds (process running for 5.415)
Started in Bootstrap
Number of Products10
[Dark Roast, Medium Roast, Light Roast, Chocolate Dark Roast, Caramel Medium Roast, Coconut Light Roast, Caramel Blend, Chocolate Blend, French Vanilla Blend, Coconut Blend]
]]></system-out>
  </testcase>
</testsuite>